2016/10/24 下午 12:43:35 にビルドを開始しました。
     1>ノード 2 上のプロジェクト "C:\Users\LIU.NAN-HUNG\Desktop\CL25_ポリゴンの表示\CL25_ポリゴンの表示.vcxproj" (build ターゲット)。
     1>InitializeBuildStatus:
         "AlwaysCreate" が指定されたため "Debug\CL25_ポリゴンの表示.unsuccessfulbuild" を作成しています。
       ClCompile:
         C:\Program Files (x86)\Microsoft Visual Studio 10.0\VC\bin\CL.exe /c /ZI /nologo /W3 /WX- /Od /Oy- /D WIN32 /D _DEBUG /D _WINDOWS /D _MBCS /Gm /EHsc /RTC1 /MDd /GS /fp:precise /Zc:wchar_t /Zc:forScope /Fo"Debug\\" /Fd"Debug\vc100.pdb" /Gd /TP /analyze- /errorReport:prompt main.cpp renderer.cpp scene.cpp scene2D.cpp
         scene2D.cpp
         scene.cpp
         renderer.cpp
         main.cpp
         コードを生成中...
       ManifestResourceCompile:
         C:\Program Files (x86)\Microsoft SDKs\Windows\v7.0A\bin\rc.exe /nologo /fo"Debug\CL25_ポリゴンの表示.exe.embed.manifest.res" "Debug\CL25_ポリゴンの表示_manifest.rc" 
       Link:
         C:\Program Files (x86)\Microsoft Visual Studio 10.0\VC\bin\link.exe /ERRORREPORT:PROMPT /OUT:"C:\Users\LIU.NAN-HUNG\Desktop\CL25_ポリゴンの表示\Debug\CL25_ポリゴンの表示.exe" /INCREMENTAL /NOLOGO kernel32.lib user32.lib gdi32.lib winspool.lib comdlg32.lib advapi32.lib shell32.lib ole32.lib oleaut32.lib uuid.lib odbc32.lib odbccp32.lib /MANIFEST /ManifestFile:"Debug\CL25_ポリゴンの表示.exe.intermediate.manifest" /MANIFESTUAC:"level='asInvoker' uiAccess='false'" /DEBUG /PDB:"C:\Users\LIU.NAN-HUNG\Desktop\CL25_ポリゴンの表示\Debug\CL25_ポリゴンの表示.pdb" /SUBSYSTEM:WINDOWS /TLBID:1 /DYNAMICBASE /NXCOMPAT /IMPLIB:"C:\Users\LIU.NAN-HUNG\Desktop\CL25_ポリゴンの表示\Debug\CL25_ポリゴンの表示.lib" /MACHINE:X86 "Debug\CL25_ポリゴンの表示.exe.embed.manifest.res"
         Debug\main.obj
         Debug\renderer.obj
         Debug\scene.obj
         Debug\scene2D.obj
       Manifest:
         C:\Program Files (x86)\Microsoft SDKs\Windows\v7.0A\bin\mt.exe /nologo /verbose /out:"Debug\CL25_ポリゴンの表示.exe.embed.manifest" /manifest "Debug\CL25_ポリゴンの表示.exe.intermediate.manifest"
         すべての出力が最新のものです。
       LinkEmbedManifest:
         すべての出力が最新のものです。
         CL25_ポリゴンの表示.vcxproj -> C:\Users\LIU.NAN-HUNG\Desktop\CL25_ポリゴンの表示\Debug\CL25_ポリゴンの表示.exe
       FinalizeBuildStatus:
         ファイル "Debug\CL25_ポリゴンの表示.unsuccessfulbuild" を削除しています。
         "Debug\CL25_ポリゴンの表示.lastbuildstate" のタッチ タスクを実行しています。
     1>プロジェクト "C:\Users\LIU.NAN-HUNG\Desktop\CL25_ポリゴンの表示\CL25_ポリゴンの表示.vcxproj" (build ターゲット) のビルドが完了しました。

ビルドに成功しました。

経過時間 00:00:15.16
