C:\Users\LIU.NAN-HUNG\Documents\Visual Studio 2010\Projects\CL25_ポリゴンの表示\Debug\cl.command.1.tlog
C:\Users\LIU.NAN-HUNG\Documents\Visual Studio 2010\Projects\CL25_ポリゴンの表示\Debug\CL.read.1.tlog
C:\Users\LIU.NAN-HUNG\Documents\Visual Studio 2010\Projects\CL25_ポリゴンの表示\Debug\CL.write.1.tlog
C:\USERS\LIU.NAN-HUNG\DOCUMENTS\VISUAL STUDIO 2010\PROJECTS\CL25_ポリゴンの表示\DEBUG\CL25_ポリゴンの表示.EXE
C:\USERS\LIU.NAN-HUNG\DOCUMENTS\VISUAL STUDIO 2010\PROJECTS\CL25_ポリゴンの表示\DEBUG\CL25_ポリゴンの表示.EXE.EMBED.MANIFEST
C:\USERS\LIU.NAN-HUNG\DOCUMENTS\VISUAL STUDIO 2010\PROJECTS\CL25_ポリゴンの表示\DEBUG\CL25_ポリゴンの表示.EXE.EMBED.MANIFEST.RES
C:\USERS\LIU.NAN-HUNG\DOCUMENTS\VISUAL STUDIO 2010\PROJECTS\CL25_ポリゴンの表示\DEBUG\CL25_ポリゴンの表示.EXE.INTERMEDIATE.MANIFEST
C:\USERS\LIU.NAN-HUNG\DOCUMENTS\VISUAL STUDIO 2010\PROJECTS\CL25_ポリゴンの表示\DEBUG\CL25_ポリゴンの表示.ILK
C:\USERS\LIU.NAN-HUNG\DOCUMENTS\VISUAL STUDIO 2010\PROJECTS\CL25_ポリゴンの表示\DEBUG\CL25_ポリゴンの表示.PDB
C:\Users\LIU.NAN-HUNG\Documents\Visual Studio 2010\Projects\CL25_ポリゴンの表示\Debug\CL25_ポリゴンの表示.vcxprojResolveAssemblyReference.cache
C:\Users\LIU.NAN-HUNG\Documents\Visual Studio 2010\Projects\CL25_ポリゴンの表示\Debug\CL25_ポリゴンの表示.write.1.tlog
C:\Users\LIU.NAN-HUNG\Documents\Visual Studio 2010\Projects\CL25_ポリゴンの表示\Debug\CL25_ポリゴンの表示_manifest.rc
C:\Users\LIU.NAN-HUNG\Documents\Visual Studio 2010\Projects\CL25_ポリゴンの表示\Debug\link.2232.read.1.tlog
C:\Users\LIU.NAN-HUNG\Documents\Visual Studio 2010\Projects\CL25_ポリゴンの表示\Debug\link.2232.write.1.tlog
C:\Users\LIU.NAN-HUNG\Documents\Visual Studio 2010\Projects\CL25_ポリゴンの表示\Debug\link.2232-cvtres.read.1.tlog
C:\Users\LIU.NAN-HUNG\Documents\Visual Studio 2010\Projects\CL25_ポリゴンの表示\Debug\link.2232-cvtres.write.1.tlog
C:\Users\LIU.NAN-HUNG\Documents\Visual Studio 2010\Projects\CL25_ポリゴンの表示\Debug\link.4988.read.1.tlog
C:\Users\LIU.NAN-HUNG\Documents\Visual Studio 2010\Projects\CL25_ポリゴンの表示\Debug\link.4988.write.1.tlog
C:\Users\LIU.NAN-HUNG\Documents\Visual Studio 2010\Projects\CL25_ポリゴンの表示\Debug\link.4988-cvtres.read.1.tlog
C:\Users\LIU.NAN-HUNG\Documents\Visual Studio 2010\Projects\CL25_ポリゴンの表示\Debug\link.4988-cvtres.write.1.tlog
C:\Users\LIU.NAN-HUNG\Documents\Visual Studio 2010\Projects\CL25_ポリゴンの表示\Debug\link.7068.read.1.tlog
C:\Users\LIU.NAN-HUNG\Documents\Visual Studio 2010\Projects\CL25_ポリゴンの表示\Debug\link.7068.write.1.tlog
C:\Users\LIU.NAN-HUNG\Documents\Visual Studio 2010\Projects\CL25_ポリゴンの表示\Debug\link.7068-cvtres.read.1.tlog
C:\Users\LIU.NAN-HUNG\Documents\Visual Studio 2010\Projects\CL25_ポリゴンの表示\Debug\link.7068-cvtres.write.1.tlog
C:\Users\LIU.NAN-HUNG\Documents\Visual Studio 2010\Projects\CL25_ポリゴンの表示\Debug\link.7384.read.1.tlog
C:\Users\LIU.NAN-HUNG\Documents\Visual Studio 2010\Projects\CL25_ポリゴンの表示\Debug\link.7384.write.1.tlog
C:\Users\LIU.NAN-HUNG\Documents\Visual Studio 2010\Projects\CL25_ポリゴンの表示\Debug\link.7384-cvtres.read.1.tlog
C:\Users\LIU.NAN-HUNG\Documents\Visual Studio 2010\Projects\CL25_ポリゴンの表示\Debug\link.7384-cvtres.write.1.tlog
C:\Users\LIU.NAN-HUNG\Documents\Visual Studio 2010\Projects\CL25_ポリゴンの表示\Debug\link.command.1.tlog
C:\Users\LIU.NAN-HUNG\Documents\Visual Studio 2010\Projects\CL25_ポリゴンの表示\Debug\link.read.1.tlog
C:\Users\LIU.NAN-HUNG\Documents\Visual Studio 2010\Projects\CL25_ポリゴンの表示\Debug\link.write.1.tlog
C:\Users\LIU.NAN-HUNG\Documents\Visual Studio 2010\Projects\CL25_ポリゴンの表示\Debug\link-cvtres.read.1.tlog
C:\Users\LIU.NAN-HUNG\Documents\Visual Studio 2010\Projects\CL25_ポリゴンの表示\Debug\link-cvtres.write.1.tlog
C:\USERS\LIU.NAN-HUNG\DOCUMENTS\VISUAL STUDIO 2010\PROJECTS\CL25_ポリゴンの表示\DEBUG\MAIN.OBJ
C:\Users\LIU.NAN-HUNG\Documents\Visual Studio 2010\Projects\CL25_ポリゴンの表示\Debug\mt.command.1.tlog
C:\Users\LIU.NAN-HUNG\Documents\Visual Studio 2010\Projects\CL25_ポリゴンの表示\Debug\mt.read.1.tlog
C:\Users\LIU.NAN-HUNG\Documents\Visual Studio 2010\Projects\CL25_ポリゴンの表示\Debug\mt.write.1.tlog
C:\Users\LIU.NAN-HUNG\Documents\Visual Studio 2010\Projects\CL25_ポリゴンの表示\Debug\rc.command.1.tlog
C:\Users\LIU.NAN-HUNG\Documents\Visual Studio 2010\Projects\CL25_ポリゴンの表示\Debug\rc.read.1.tlog
C:\Users\LIU.NAN-HUNG\Documents\Visual Studio 2010\Projects\CL25_ポリゴンの表示\Debug\rc.write.1.tlog
C:\USERS\LIU.NAN-HUNG\DOCUMENTS\VISUAL STUDIO 2010\PROJECTS\CL25_ポリゴンの表示\DEBUG\RENDERER.OBJ
C:\USERS\LIU.NAN-HUNG\DOCUMENTS\VISUAL STUDIO 2010\PROJECTS\CL25_ポリゴンの表示\DEBUG\SCENE.OBJ
C:\USERS\LIU.NAN-HUNG\DOCUMENTS\VISUAL STUDIO 2010\PROJECTS\CL25_ポリゴンの表示\DEBUG\SCENE2D.OBJ
C:\Users\LIU.NAN-HUNG\Documents\Visual Studio 2010\Projects\CL25_ポリゴンの表示\Debug\vc100.idb
C:\USERS\LIU.NAN-HUNG\DOCUMENTS\VISUAL STUDIO 2010\PROJECTS\CL25_ポリゴンの表示\DEBUG\VC100.PDB
