2016/10/24 下午 12:51:21 にビルドを開始しました。
     1>ノード 2 上のプロジェクト "C:\Users\LIU.NAN-HUNG\Desktop\HF21_204Framework\HF21_204_Project.vcxproj" (build ターゲット)。
     1>InitializeBuildStatus:
         "AlwaysCreate" が指定されたため "Debug\HF21_204_Project.unsuccessfulbuild" を作成しています。
       ClCompile:
         C:\Program Files (x86)\Microsoft Visual Studio 10.0\VC\bin\CL.exe /c /ZI /nologo /W3 /WX- /Od /Oy- /D WIN32 /D _DEBUG /D _WINDOWS /D _MBCS /Gm /EHsc /RTC1 /MDd /GS /fp:precise /Zc:wchar_t /Zc:forScope /Fo"Debug\\" /Fd"Debug\vc100.pdb" /Gd /TP /analyze- /errorReport:prompt main.cpp renderer.cpp scene.cpp scene2D.cpp
         scene2D.cpp
         scene.cpp
         renderer.cpp
         main.cpp
         コードを生成中...
       ManifestResourceCompile:
         C:\Program Files (x86)\Microsoft SDKs\Windows\v7.0A\bin\rc.exe /nologo /fo"Debug\HF21_204_Project.exe.embed.manifest.res" Debug\HF21_204_Project_manifest.rc 
       Link:
         C:\Program Files (x86)\Microsoft Visual Studio 10.0\VC\bin\link.exe /ERRORREPORT:PROMPT /OUT:"C:\Users\LIU.NAN-HUNG\Desktop\HF21_204Framework\Debug\HF21_204_Project.exe" /INCREMENTAL /NOLOGO kernel32.lib user32.lib gdi32.lib winspool.lib comdlg32.lib advapi32.lib shell32.lib ole32.lib oleaut32.lib uuid.lib odbc32.lib odbccp32.lib /MANIFEST /ManifestFile:"Debug\HF21_204_Project.exe.intermediate.manifest" /MANIFESTUAC:"level='asInvoker' uiAccess='false'" /DEBUG /PDB:"C:\Users\LIU.NAN-HUNG\Desktop\HF21_204Framework\Debug\HF21_204_Project.pdb" /SUBSYSTEM:WINDOWS /TLBID:1 /DYNAMICBASE /NXCOMPAT /IMPLIB:"C:\Users\LIU.NAN-HUNG\Desktop\HF21_204Framework\Debug\HF21_204_Project.lib" /MACHINE:X86 Debug\HF21_204_Project.exe.embed.manifest.res
         Debug\main.obj
         Debug\renderer.obj
         Debug\scene.obj
         Debug\scene2D.obj
       Manifest:
         C:\Program Files (x86)\Microsoft SDKs\Windows\v7.0A\bin\mt.exe /nologo /verbose /out:"Debug\HF21_204_Project.exe.embed.manifest" /manifest Debug\HF21_204_Project.exe.intermediate.manifest
         C:\Program Files (x86)\Microsoft SDKs\Windows\v7.0A\bin\rc.exe /nologo /fo"Debug\HF21_204_Project.exe.embed.manifest.res" Debug\HF21_204_Project_manifest.rc 
       LinkEmbedManifest:
         C:\Program Files (x86)\Microsoft Visual Studio 10.0\VC\bin\link.exe /ERRORREPORT:PROMPT /OUT:"C:\Users\LIU.NAN-HUNG\Desktop\HF21_204Framework\Debug\HF21_204_Project.exe" /INCREMENTAL /NOLOGO kernel32.lib user32.lib gdi32.lib winspool.lib comdlg32.lib advapi32.lib shell32.lib ole32.lib oleaut32.lib uuid.lib odbc32.lib odbccp32.lib /MANIFEST /ManifestFile:"Debug\HF21_204_Project.exe.intermediate.manifest" /MANIFESTUAC:"level='asInvoker' uiAccess='false'" /DEBUG /PDB:"C:\Users\LIU.NAN-HUNG\Desktop\HF21_204Framework\Debug\HF21_204_Project.pdb" /SUBSYSTEM:WINDOWS /TLBID:1 /DYNAMICBASE /NXCOMPAT /IMPLIB:"C:\Users\LIU.NAN-HUNG\Desktop\HF21_204Framework\Debug\HF21_204_Project.lib" /MACHINE:X86 Debug\HF21_204_Project.exe.embed.manifest.res
         Debug\main.obj
         Debug\renderer.obj
         Debug\scene.obj
         Debug\scene2D.obj
         HF21_204_Project.vcxproj -> C:\Users\LIU.NAN-HUNG\Desktop\HF21_204Framework\Debug\HF21_204_Project.exe
       FinalizeBuildStatus:
         ファイル "Debug\HF21_204_Project.unsuccessfulbuild" を削除しています。
         "Debug\HF21_204_Project.lastbuildstate" のタッチ タスクを実行しています。
     1>プロジェクト "C:\Users\LIU.NAN-HUNG\Desktop\HF21_204Framework\HF21_204_Project.vcxproj" (build ターゲット) のビルドが完了しました。

ビルドに成功しました。

経過時間 00:00:10.46
